0 info it worked if it ends with ok
1 verbose cli [ '/usr/local/Cellar/node/6.3.0/bin/node',
1 verbose cli   '/usr/local/bin/npm',
1 verbose cli   'start' ]
2 info using npm@3.10.3
3 info using node@v6.3.0
4 verbose run-script [ 'prestart', 'start', 'poststart' ]
5 info lifecycle Tourism@~prestart: Tourism@
6 silly lifecycle Tourism@~prestart: no script for prestart, continuing
7 info lifecycle Tourism@~start: Tourism@
8 verbose lifecycle Tourism@~start: unsafe-perm in lifecycle true
9 verbose lifecycle Tourism@~start: PATH: /usr/local/lib/node_modules/npm/bin/node-gyp-bin:/Users/kaldr/Projects/DailyTasks/Tourism/node_modules/.bin:/usr/local/Cellar/node/6.3.0/bin:/usr/local/bin:/usr/bin:/bin:/usr/sbin:/sbin
10 verbose lifecycle Tourism@~start: CWD: /Users/kaldr/Projects/DailyTasks/Tourism
11 silly lifecycle Tourism@~start: Args: [ '-c',
11 silly lifecycle   'meteor npm install; meteor run --no-release-check --port 3001' ]
12 silly lifecycle Tourism@~start: Returned: code: 254  signal: null
13 info lifecycle Tourism@~start: Failed to exec start script
14 verbose stack Error: Tourism@ start: `meteor npm install; meteor run --no-release-check --port 3001`
14 verbose stack Exit status 254
14 verbose stack     at EventEmitter.<anonymous> (/usr/local/lib/node_modules/npm/lib/utils/lifecycle.js:242:16)
14 verbose stack     at emitTwo (events.js:106:13)
14 verbose stack     at EventEmitter.emit (events.js:191:7)
14 verbose stack     at ChildProcess.<anonymous> (/usr/local/lib/node_modules/npm/lib/utils/spawn.js:40:14)
14 verbose stack     at emitTwo (events.js:106:13)
14 verbose stack     at ChildProcess.emit (events.js:191:7)
14 verbose stack     at maybeClose (internal/child_process.js:852:16)
14 verbose stack     at Process.ChildProcess._handle.onexit (internal/child_process.js:215:5)
15 verbose pkgid Tourism@
16 verbose cwd /Users/kaldr/Projects/DailyTasks/Tourism
17 error Darwin 16.1.0
18 error argv "/usr/local/Cellar/node/6.3.0/bin/node" "/usr/local/bin/npm" "start"
19 error node v6.3.0
20 error npm  v3.10.3
21 error code ELIFECYCLE
22 error Tourism@ start: `meteor npm install; meteor run --no-release-check --port 3001`
22 error Exit status 254
23 error Failed at the Tourism@ start script 'meteor npm install; meteor run --no-release-check --port 3001'.
23 error Make sure you have the latest version of node.js and npm installed.
23 error If you do, this is most likely a problem with the Tourism package,
23 error not with npm itself.
23 error Tell the author that this fails on your system:
23 error     meteor npm install; meteor run --no-release-check --port 3001
23 error You can get information on how to open an issue for this project with:
23 error     npm bugs Tourism
23 error Or if that isn't available, you can get their info via:
23 error     npm owner ls Tourism
23 error There is likely additional logging output above.
24 verbose exit [ 1, true ]
